0 info it worked if it ends with ok
1 verbose cli [ '/Applications/Atom.app/Contents/Resources/app/apm/bin/node',
1 verbose cli   '/Applications/Atom.app/Contents/Resources/app/apm/node_modules/npm/bin/npm-cli.js',
1 verbose cli   'version',
1 verbose cli   'premajor',
1 verbose cli   '-m',
1 verbose cli   'Prepare %s release' ]
2 info using npm@3.10.10
3 info using node@v6.9.5
4 info git [ 'status', '--porcelain' ]
5 info lifecycle js-syntax@1.0.0-0~preversion: js-syntax@1.0.0-0
6 silly lifecycle js-syntax@1.0.0-0~preversion: no script for preversion, continuing
7 verbose version.write data { name: 'js-syntax',
7 verbose version.write   description: 'A more complete One Dark Pro',
7 verbose version.write   version: '1.0.0-0',
7 verbose version.write   bugs: { url: 'https://github.com/juliancruzsanchez/js-syntax/issues' },
7 verbose version.write   engines: { atom: '>0.50.0' },
7 verbose version.write   keywords: [ 'one', 'dark', 'pro', 'vivid', 'syntax' ],
7 verbose version.write   repository:
7 verbose version.write    { type: 'git',
7 verbose version.write      url: 'https://github.com/juliancruzsanchez/js-syntax.git' },
7 verbose version.write   theme: 'syntax' } to package.json
8 info lifecycle js-syntax@1.0.0-0~version: js-syntax@1.0.0-0
9 silly lifecycle js-syntax@1.0.0-0~version: no script for version, continuing
10 info git [ 'add', '/Users/julian/.atom/packages/js-syntax/package.json' ]
11 info git [ 'commit', '-m', 'Prepare 1.0.0-0 release' ]
12 info git [ 'tag', 'v1.0.0-0', '-am', 'Prepare 1.0.0-0 release' ]
13 verbose stack Error: Command failed: git tag v1.0.0-0 -am Prepare 1.0.0-0 release
13 verbose stack fatal: tag 'v1.0.0-0' already exists
13 verbose stack
13 verbose stack     at ChildProcess.exithandler (child_process.js:206:12)
13 verbose stack     at emitTwo (events.js:106:13)
13 verbose stack     at ChildProcess.emit (events.js:191:7)
13 verbose stack     at maybeClose (internal/child_process.js:877:16)
13 verbose stack     at Socket.<anonymous> (internal/child_process.js:334:11)
13 verbose stack     at emitOne (events.js:96:13)
13 verbose stack     at Socket.emit (events.js:188:7)
13 verbose stack     at Pipe._handle.close [as _onclose] (net.js:498:12)
14 verbose cwd /Users/julian/.atom/packages/js-syntax
15 error Darwin 17.6.0
16 error argv "/Applications/Atom.app/Contents/Resources/app/apm/bin/node" "/Applications/Atom.app/Contents/Resources/app/apm/node_modules/npm/bin/npm-cli.js" "version" "premajor" "-m" "Prepare %s release"
17 error node v6.9.5
18 error npm  v3.10.10
19 error code 128
20 error Command failed: git tag v1.0.0-0 -am Prepare 1.0.0-0 release
20 error fatal: tag 'v1.0.0-0' already exists
21 error If you need help, you may report this error at:
21 error     <https://github.com/npm/npm/issues>
22 verbose exit [ 1, true ]
